build/app/intermediates/manifest_merge_blame_file/debug/manifest-merger-blame-debug-report.txt
1<?xml version="1.0" encoding="utf-8"?>
2<manifest xmlns:android="http://schemas.android.com/apk/res/android"
3    package="com.example.my_todo"
4    android:versionCode="1"
5    android:versionName="1.0.0" >
6
7    <uses-sdk
8        android:minSdkVersion="16"
9        android:targetSdkVersion="28" />
10    <!--
11         Flutter needs it to communicate with the running application
12         to allow setting breakpoints, to provide hot reload, etc.
13    -->
14    <uses-permission android:name="android.permission.INTERNET" />
14-->src/main/AndroidManifest.xml:65:5-66
14-->src/main/AndroidManifest.xml:65:22-64
15    <!-- Although the *SdkVersion is captured in gradle build files, this is required for non gradle builds -->
16    <!-- <uses-sdk android:minSdkVersion="14" /> -->
17    <uses-permission android:name="android.permission.ACCESS_NETWORK_STATE" />
17-->[com.google.firebase:firebase-firestore:21.4.3] AndroidManifest.xml:13:5-79
17-->[com.google.firebase:firebase-firestore:21.4.3] AndroidManifest.xml:13:22-76
18    <uses-permission android:name="android.permission.WAKE_LOCK" /> <!-- Required by older versions of Google Play services to create IID tokens -->
18-->[com.google.android.gms:play-services-measurement-api:17.4.1] AndroidManifest.xml:24:5-68
18-->[com.google.android.gms:play-services-measurement-api:17.4.1] AndroidManifest.xml:24:22-65
19    <uses-permission android:name="com.google.android.c2dm.permission.RECEIVE" />
19-->[com.google.firebase:firebase-iid:20.1.5] AndroidManifest.xml:26:5-82
19-->[com.google.firebase:firebase-iid:20.1.5] AndroidManifest.xml:26:22-79
20    <uses-permission android:name="com.google.android.finsky.permission.BIND_GET_INSTALL_REFERRER_SERVICE" />
20-->[com.google.android.gms:play-services-measurement:17.4.1] AndroidManifest.xml:26:5-110
20-->[com.google.android.gms:play-services-measurement:17.4.1] AndroidManifest.xml:26:22-107
21    <!--
22 io.flutter.app.FlutterApplication is an android.app.Application that
23         calls FlutterMain.startInitialization(this); in its onCreate method.
24         In most cases you can leave this as-is, but you if you want to provide
25         additional functionality it is fine to subclass or reimplement
26         FlutterApplication and put your custom class here.
27    -->
28    <application
28-->src/main/AndroidManifest.xml:8:5-64:19
29        android:name="io.flutter.app.FlutterApplication"
29-->src/main/AndroidManifest.xml:9:9-57
30        android:appComponentFactory="androidx.core.app.CoreComponentFactory"
30-->[androidx.core:core:1.1.0] AndroidManifest.xml:24:18-86
31        android:debuggable="true"
32        android:icon="@mipmap/ic_launcher"
32-->src/main/AndroidManifest.xml:11:9-43
33        android:label="my_todo"
33-->src/main/AndroidManifest.xml:10:9-32
34        android:supportsRtl="true" >
34-->[com.facebook.android:facebook-login:5.15.3] AndroidManifest.xml:28:18-44
35        <activity
35-->src/main/AndroidManifest.xml:12:9-40:20
36            android:name="com.example.my_todo.MainActivity"
36-->src/main/AndroidManifest.xml:13:13-41
37            android:configChanges="orientation|keyboardHidden|keyboard|screenSize|smallestScreenSize|locale|layoutDirection|fontScale|screenLayout|density|uiMode"
37-->src/main/AndroidManifest.xml:16:13-163
38            android:hardwareAccelerated="true"
38-->src/main/AndroidManifest.xml:17:13-47
39            android:launchMode="singleTop"
39-->src/main/AndroidManifest.xml:14:13-43
40            android:theme="@style/LaunchTheme"
40-->src/main/AndroidManifest.xml:15:13-47
41            android:windowSoftInputMode="adjustResize" >
41-->src/main/AndroidManifest.xml:18:13-55
42
43            <!--
44                 Specifies an Android theme to apply to this Activity as soon as
45                 the Android process has started. This theme is visible to the user
46                 while the Flutter UI initializes. After that, this theme continues
47                 to determine the Window background behind the Flutter UI.
48            -->
49            <meta-data
49-->src/main/AndroidManifest.xml:23:13-26:17
50                android:name="io.flutter.embedding.android.NormalTheme"
50-->src/main/AndroidManifest.xml:24:15-70
51                android:resource="@style/NormalTheme" />
51-->src/main/AndroidManifest.xml:25:15-52
52            <!--
53                 Displays an Android View that continues showing the launch screen
54                 Drawable until Flutter paints its first frame, then this splash
55                 screen fades out. A splash screen is useful to avoid any visual
56                 gap between the end of Android's launch screen and the painting of
57                 Flutter's first frame.
58            -->
59            <meta-data
59-->src/main/AndroidManifest.xml:32:13-35:17
60                android:name="io.flutter.embedding.android.SplashScreenDrawable"
60-->src/main/AndroidManifest.xml:33:15-79
61                android:resource="@drawable/launch_background" />
61-->src/main/AndroidManifest.xml:34:15-61
62
63            <intent-filter>
63-->src/main/AndroidManifest.xml:36:13-39:29
64                <action android:name="android.intent.action.MAIN" />
64-->src/main/AndroidManifest.xml:37:17-68
64-->src/main/AndroidManifest.xml:37:25-66
65
66                <category android:name="android.intent.category.LAUNCHER" />
66-->src/main/AndroidManifest.xml:38:17-76
66-->src/main/AndroidManifest.xml:38:27-74
67            </intent-filter>
68        </activity>
69
70        <meta-data
70-->src/main/AndroidManifest.xml:42:9-43:50
71            android:name="com.facebook.sdk.ApplicationId"
71-->src/main/AndroidManifest.xml:42:20-65
72            android:value="@string/facebook_app_id" />
72-->src/main/AndroidManifest.xml:43:9-48
73
74        <activity
74-->src/main/AndroidManifest.xml:45:9-48:48
75            android:name="com.facebook.FacebookActivity"
75-->src/main/AndroidManifest.xml:45:19-63
76            android:configChanges="keyboard|keyboardHidden|screenLayout|screenSize|orientation"
76-->src/main/AndroidManifest.xml:46:13-117
77            android:label="@string/app_name"
77-->src/main/AndroidManifest.xml:48:13-45
78            android:theme="@style/com_facebook_activity_theme" />
78-->[com.facebook.android:facebook-common:5.15.3] AndroidManifest.xml:33:13-63
79        <activity
79-->src/main/AndroidManifest.xml:49:9-58:20
80            android:name="com.facebook.CustomTabActivity"
80-->src/main/AndroidManifest.xml:50:13-58
81            android:exported="true" >
81-->src/main/AndroidManifest.xml:51:13-36
82            <intent-filter>
82-->src/main/AndroidManifest.xml:52:13-57:29
83                <action android:name="android.intent.action.VIEW" />
83-->src/main/AndroidManifest.xml:53:17-69
83-->src/main/AndroidManifest.xml:53:25-66
84
85                <category android:name="android.intent.category.DEFAULT" />
85-->src/main/AndroidManifest.xml:54:17-76
85-->src/main/AndroidManifest.xml:54:27-73
86                <category android:name="android.intent.category.BROWSABLE" />
86-->src/main/AndroidManifest.xml:55:17-78
86-->src/main/AndroidManifest.xml:55:27-75
87
88                <data android:scheme="@string/fb_login_protocol_scheme" />
88-->src/main/AndroidManifest.xml:56:17-75
88-->src/main/AndroidManifest.xml:56:23-72
89            </intent-filter>
90            <intent-filter>
90-->[com.facebook.android:facebook-common:5.15.3] AndroidManifest.xml:39:13-48:29
91                <action android:name="android.intent.action.VIEW" />
91-->src/main/AndroidManifest.xml:53:17-69
91-->src/main/AndroidManifest.xml:53:25-66
92
93                <category android:name="android.intent.category.DEFAULT" />
93-->src/main/AndroidManifest.xml:54:17-76
93-->src/main/AndroidManifest.xml:54:27-73
94                <category android:name="android.intent.category.BROWSABLE" />
94-->src/main/AndroidManifest.xml:55:17-78
94-->src/main/AndroidManifest.xml:55:27-75
95
96                <data
96-->src/main/AndroidManifest.xml:56:17-75
97                    android:host="cct.com.example.my_todo"
98                    android:scheme="fbconnect" />
98-->src/main/AndroidManifest.xml:56:23-72
99            </intent-filter>
100        </activity>
101        <!--
102             Don't delete the meta-data below.
103             This is used by the Flutter tool to generate GeneratedPluginRegistrant.java
104        -->
105        <meta-data
105-->src/main/AndroidManifest.xml:61:9-63:33
106            android:name="flutterEmbedding"
106-->src/main/AndroidManifest.xml:62:13-44
107            android:value="2" />
107-->src/main/AndroidManifest.xml:63:13-30
108
109        <service
109-->[:firebase_auth] AndroidManifest.xml:8:9-12:19
110            android:name="com.google.firebase.components.ComponentDiscoveryService"
110-->[:firebase_auth] AndroidManifest.xml:8:18-89
111            android:directBootAware="true"
111-->[com.google.firebase:firebase-common:19.3.0] AndroidManifest.xml:34:13-43
112            android:exported="false" >
112-->[com.google.firebase:firebase-auth:19.3.1] AndroidManifest.xml:35:13-37
113            <meta-data
113-->[:firebase_auth] AndroidManifest.xml:9:13-11:85
114                android:name="com.google.firebase.components:io.flutter.plugins.firebase.auth.FlutterFirebaseAuthRegistrar"
114-->[:firebase_auth] AndroidManifest.xml:10:17-124
115                android:value="com.google.firebase.components.ComponentRegistrar" />
115-->[:firebase_auth] AndroidManifest.xml:11:17-82
116            <meta-data
116-->[:cloud_firestore] AndroidManifest.xml:9:13-11:85
117                android:name="com.google.firebase.components:io.flutter.plugins.firebase.firestore.FlutterFirebaseFirestoreRegistrar"
117-->[:cloud_firestore] AndroidManifest.xml:10:17-134
118                android:value="com.google.firebase.components.ComponentRegistrar" />
118-->[:cloud_firestore] AndroidManifest.xml:11:17-82
119            <meta-data
119-->[:firebase_core] AndroidManifest.xml:9:13-11:85
120                android:name="com.google.firebase.components:io.flutter.plugins.firebase.core.FlutterFirebaseCoreRegistrar"
120-->[:firebase_core] AndroidManifest.xml:10:17-124
121                android:value="com.google.firebase.components.ComponentRegistrar" />
121-->[:firebase_core] AndroidManifest.xml:11:17-82
122            <meta-data
122-->[com.google.firebase:firebase-auth:19.3.1] AndroidManifest.xml:36:13-38:85
123                android:name="com.google.firebase.components:com.google.firebase.auth.FirebaseAuthRegistrar"
123-->[com.google.firebase:firebase-auth:19.3.1] AndroidManifest.xml:37:17-109
124                android:value="com.google.firebase.components.ComponentRegistrar" />
124-->[com.google.firebase:firebase-auth:19.3.1] AndroidManifest.xml:38:17-82
125            <meta-data
125-->[com.google.firebase:firebase-firestore:21.4.3] AndroidManifest.xml:20:13-22:85
126                android:name="com.google.firebase.components:com.google.firebase.firestore.FirestoreRegistrar"
126-->[com.google.firebase:firebase-firestore:21.4.3] AndroidManifest.xml:21:17-111
127                android:value="com.google.firebase.components.ComponentRegistrar" />
127-->[com.google.firebase:firebase-firestore:21.4.3] AndroidManifest.xml:22:17-82
128            <meta-data
128-->[com.google.android.gms:play-services-measurement-api:17.4.1] AndroidManifest.xml:30:13-32:85
129                android:name="com.google.firebase.components:com.google.firebase.analytics.connector.internal.AnalyticsConnectorRegistrar"
129-->[com.google.android.gms:play-services-measurement-api:17.4.1] AndroidManifest.xml:31:17-139
130                android:value="com.google.firebase.components.ComponentRegistrar" />
130-->[com.google.android.gms:play-services-measurement-api:17.4.1] AndroidManifest.xml:32:17-82
131            <meta-data
131-->[com.google.firebase:firebase-iid:20.1.5] AndroidManifest.xml:32:13-34:85
132                android:name="com.google.firebase.components:com.google.firebase.iid.Registrar"
132-->[com.google.firebase:firebase-iid:20.1.5] AndroidManifest.xml:33:17-96
133                android:value="com.google.firebase.components.ComponentRegistrar" />
133-->[com.google.firebase:firebase-iid:20.1.5] AndroidManifest.xml:34:17-82
134            <meta-data
134-->[com.google.firebase:firebase-installations:16.2.1] AndroidManifest.xml:17:13-19:85
135                android:name="com.google.firebase.components:com.google.firebase.installations.FirebaseInstallationsRegistrar"
135-->[com.google.firebase:firebase-installations:16.2.1] AndroidManifest.xml:18:17-127
136                android:value="com.google.firebase.components.ComponentRegistrar" />
136-->[com.google.firebase:firebase-installations:16.2.1] AndroidManifest.xml:19:17-82
137        </service>
138
139        <activity
139-->[com.google.firebase:firebase-auth:19.3.1] AndroidManifest.xml:24:9-31:50
140            android:name="com.google.firebase.auth.internal.FederatedSignInActivity"
140-->[com.google.firebase:firebase-auth:19.3.1] AndroidManifest.xml:25:13-85
141            android:excludeFromRecents="true"
141-->[com.google.firebase:firebase-auth:19.3.1] AndroidManifest.xml:26:13-46
142            android:exported="true"
142-->[com.google.firebase:firebase-auth:19.3.1] AndroidManifest.xml:27:13-36
143            android:launchMode="singleTask"
143-->[com.google.firebase:firebase-auth:19.3.1] AndroidManifest.xml:28:13-44
144            android:permission="com.google.firebase.auth.api.gms.permission.LAUNCH_FEDERATED_SIGN_IN"
144-->[com.google.firebase:firebase-auth:19.3.1] AndroidManifest.xml:29:13-102
145            android:theme="@android:style/Theme.Translucent.NoTitleBar" />
145-->[com.google.firebase:firebase-auth:19.3.1] AndroidManifest.xml:30:13-72
146        <activity android:name="com.facebook.CustomTabMainActivity" />
146-->[com.facebook.android:facebook-common:5.15.3] AndroidManifest.xml:34:9-71
146-->[com.facebook.android:facebook-common:5.15.3] AndroidManifest.xml:34:19-68
147        <activity
147-->[com.google.android.gms:play-services-auth:16.0.1] AndroidManifest.xml:23:9-27:75
148            android:name="com.google.android.gms.auth.api.signin.internal.SignInHubActivity"
148-->[com.google.android.gms:play-services-auth:16.0.1] AndroidManifest.xml:24:13-93
149            android:excludeFromRecents="true"
149-->[com.google.android.gms:play-services-auth:16.0.1] AndroidManifest.xml:25:13-46
150            android:exported="false"
150-->[com.google.android.gms:play-services-auth:16.0.1] AndroidManifest.xml:26:13-37
151            android:theme="@android:style/Theme.Translucent.NoTitleBar" />
151-->[com.google.android.gms:play-services-auth:16.0.1] AndroidManifest.xml:27:13-72
152        <!--
153            Service handling Google Sign-In user revocation. For apps that do not integrate with
154            Google Sign-In, this service will never be started.
155        -->
156        <service
156-->[com.google.android.gms:play-services-auth:16.0.1] AndroidManifest.xml:33:9-36:110
157            android:name="com.google.android.gms.auth.api.signin.RevocationBoundService"
157-->[com.google.android.gms:play-services-auth:16.0.1] AndroidManifest.xml:34:13-89
158            android:exported="true"
158-->[com.google.android.gms:play-services-auth:16.0.1] AndroidManifest.xml:35:13-36
159            android:permission="com.google.android.gms.auth.api.signin.permission.REVOCATION_NOTIFICATION" />
159-->[com.google.android.gms:play-services-auth:16.0.1] AndroidManifest.xml:36:13-107
160
161        <receiver
161-->[com.google.firebase:firebase-iid:20.1.5] AndroidManifest.xml:37:9-44:20
162            android:name="com.google.firebase.iid.FirebaseInstanceIdReceiver"
162-->[com.google.firebase:firebase-iid:20.1.5] AndroidManifest.xml:38:13-78
163            android:exported="true"
163-->[com.google.firebase:firebase-iid:20.1.5] AndroidManifest.xml:39:13-36
164            android:permission="com.google.android.c2dm.permission.SEND" >
164-->[com.google.firebase:firebase-iid:20.1.5] AndroidManifest.xml:40:13-73
165            <intent-filter>
165-->[com.google.firebase:firebase-iid:20.1.5] AndroidManifest.xml:41:13-43:29
166                <action android:name="com.google.android.c2dm.intent.RECEIVE" />
166-->[com.google.firebase:firebase-iid:20.1.5] AndroidManifest.xml:42:17-81
166-->[com.google.firebase:firebase-iid:20.1.5] AndroidManifest.xml:42:25-78
167            </intent-filter>
168        </receiver>
169
170        <activity
170-->[com.google.android.gms:play-services-base:17.1.0] AndroidManifest.xml:23:9-26:75
171            android:name="com.google.android.gms.common.api.GoogleApiActivity"
171-->[com.google.android.gms:play-services-base:17.1.0] AndroidManifest.xml:24:13-79
172            android:exported="false"
172-->[com.google.android.gms:play-services-base:17.1.0] AndroidManifest.xml:25:13-37
173            android:theme="@android:style/Theme.Translucent.NoTitleBar" />
173-->[com.google.android.gms:play-services-base:17.1.0] AndroidManifest.xml:26:13-72
174
175        <provider
175-->[com.google.firebase:firebase-common:19.3.0] AndroidManifest.xml:26:9-30:39
176            android:name="com.google.firebase.provider.FirebaseInitProvider"
176-->[com.google.firebase:firebase-common:19.3.0] AndroidManifest.xml:27:13-77
177            android:authorities="com.example.my_todo.firebaseinitprovider"
177-->[com.google.firebase:firebase-common:19.3.0] AndroidManifest.xml:28:13-72
178            android:exported="false"
178-->[com.google.firebase:firebase-common:19.3.0] AndroidManifest.xml:29:13-37
179            android:initOrder="100" />
179-->[com.google.firebase:firebase-common:19.3.0] AndroidManifest.xml:30:13-36
180
181        <receiver
181-->[com.google.android.gms:play-services-measurement:17.4.1] AndroidManifest.xml:29:9-33:20
182            android:name="com.google.android.gms.measurement.AppMeasurementReceiver"
182-->[com.google.android.gms:play-services-measurement:17.4.1] AndroidManifest.xml:30:13-85
183            android:enabled="true"
183-->[com.google.android.gms:play-services-measurement:17.4.1] AndroidManifest.xml:31:13-35
184            android:exported="false" >
184-->[com.google.android.gms:play-services-measurement:17.4.1] AndroidManifest.xml:32:13-37
185        </receiver>
186
187        <service
187-->[com.google.android.gms:play-services-measurement:17.4.1] AndroidManifest.xml:35:9-38:40
188            android:name="com.google.android.gms.measurement.AppMeasurementService"
188-->[com.google.android.gms:play-services-measurement:17.4.1] AndroidManifest.xml:36:13-84
189            android:enabled="true"
189-->[com.google.android.gms:play-services-measurement:17.4.1] AndroidManifest.xml:37:13-35
190            android:exported="false" />
190-->[com.google.android.gms:play-services-measurement:17.4.1] AndroidManifest.xml:38:13-37
191        <service
191-->[com.google.android.gms:play-services-measurement:17.4.1] AndroidManifest.xml:39:9-43:72
192            android:name="com.google.android.gms.measurement.AppMeasurementJobService"
192-->[com.google.android.gms:play-services-measurement:17.4.1] AndroidManifest.xml:40:13-87
193            android:enabled="true"
193-->[com.google.android.gms:play-services-measurement:17.4.1] AndroidManifest.xml:41:13-35
194            android:exported="false"
194-->[com.google.android.gms:play-services-measurement:17.4.1] AndroidManifest.xml:42:13-37
195            android:permission="android.permission.BIND_JOB_SERVICE" />
195-->[com.google.android.gms:play-services-measurement:17.4.1] AndroidManifest.xml:43:13-69
196
197        <meta-data
197-->[com.google.android.gms:play-services-basement:17.0.0] AndroidManifest.xml:23:9-25:69
198            android:name="com.google.android.gms.version"
198-->[com.google.android.gms:play-services-basement:17.0.0] AndroidManifest.xml:24:13-58
199            android:value="@integer/google_play_services_version" />
199-->[com.google.android.gms:play-services-basement:17.0.0] AndroidManifest.xml:25:13-66
200        <!--
201         The initialization ContentProvider will call FacebookSdk.sdkInitialize automatically
202         with the application context. This config is merged in with the host app's manifest,
203         but there can only be one provider with the same authority activated at any given
204         point; so if the end user has two or more different apps that use Facebook SDK, only the
205         first one will be able to use the provider. To work around this problem, we use the
206         following placeholder in the authority to identify each host application as if it was
207         a completely different provider.
208        -->
209        <provider
209-->[com.facebook.android:facebook-core:5.15.3] AndroidManifest.xml:39:9-42:40
210            android:name="com.facebook.internal.FacebookInitProvider"
210-->[com.facebook.android:facebook-core:5.15.3] AndroidManifest.xml:40:13-70
211            android:authorities="com.example.my_todo.FacebookInitProvider"
211-->[com.facebook.android:facebook-core:5.15.3] AndroidManifest.xml:41:13-72
212            android:exported="false" />
212-->[com.facebook.android:facebook-core:5.15.3] AndroidManifest.xml:42:13-37
213
214        <receiver
214-->[com.facebook.android:facebook-core:5.15.3] AndroidManifest.xml:44:9-50:20
215            android:name="com.facebook.CurrentAccessTokenExpirationBroadcastReceiver"
215-->[com.facebook.android:facebook-core:5.15.3] AndroidManifest.xml:45:13-86
216            android:exported="false" >
216-->[com.facebook.android:facebook-core:5.15.3] AndroidManifest.xml:46:13-37
217            <intent-filter>
217-->[com.facebook.android:facebook-core:5.15.3] AndroidManifest.xml:47:13-49:29
218                <action android:name="com.facebook.sdk.ACTION_CURRENT_ACCESS_TOKEN_CHANGED" />
218-->[com.facebook.android:facebook-core:5.15.3] AndroidManifest.xml:48:17-95
218-->[com.facebook.android:facebook-core:5.15.3] AndroidManifest.xml:48:25-92
219            </intent-filter>
220        </receiver>
221    </application>
222
223</manifest>